
0.5.0
	1. 需血功能
	(1) 需要捐血寵物的列表。
	(2) 每個需要捐血寵物的詳細內容介紹。
	(3) 需血與捐血者，可以透過此功能來進行配對功能。

	2. 捐血功能
	(1) 熱心捐血寵物的列表。
	(2) 每個捐血寵物的詳細內容介紹。
	(3) 需血與捐血者，可以透過此功能來進行配對功能。

	3. 捐款功能
	(1) 讓有心一起為貓或狗寵物，一起建構一個更完善的醫療制度者，可以捐款來相助。

	4. 會員功能
	(1) 一般會員註冊。
	(2) 一般會員登入。
	(3) 忘記密碼時的重設密碼。
	(4) 會員更改密碼。
	(5) 修改會員資料。
	(6) 會員email與手機認證。
	(7) 管理貓或狗的寵物資料。
	(8) 我的寵物可以捐血的資料。
	(9) 我的寵物需要捐血的資料。
	(10) 銀行帳號登錄。
	(11) 會員自行刪除帳號功能。

	5.需血與捐血流程
	(1) 當需血者與捐血者雙方願意配對後，就進入流程處理。
	(2) 需血者、平台與捐血者三方各依照流程圖來進行步驟。
	(3) 步驟需一步一步進行，app將會進行控管。
	(4) 只有需血者與捐血者可以進入流程管理。

	熱血貓侍是一個針對貓狗愛好者開發的平台APP，目前希望提供寵物生病時需要血液時，可以找到願意捐血的熱心人士，幫助解救寶貝寶貴的生命。
